Copyright 1986-2022 Xilinx, Inc. All Rights Reserved. Copyright 2022-2025 Advanced Micro Devices, Inc. All Rights Reserved.
---------------------------------------------------------------------------------------------------------------------------------------------
| Tool Version : Vivado v.2025.2 (win64) Build 6299465 Fri Nov 14 19:35:11 GMT 2025
| Date         : Wed Apr 15 14:29:16 2026
| Host         : system running 64-bit major release  (build 9200)
| Command      : report_control_sets -verbose -file bnn_top_control_sets_placed.rpt
| Design       : bnn_top
| Device       : xc7z020
---------------------------------------------------------------------------------------------------------------------------------------------

Control Set Information

Table of Contents
-----------------
1. Summary
2. Histogram
3. Flip-Flop Distribution
4. Detailed Control Set Information

1. Summary
----------

+----------------------------------------------------------+-------+
|                          Status                          | Count |
+----------------------------------------------------------+-------+
| Total control sets                                       |    25 |
|    Minimum number of control sets                        |    25 |
|    Addition due to synthesis replication                 |     0 |
|    Addition due to physical synthesis replication        |     0 |
| Unused register locations in slices containing registers |    55 |
+----------------------------------------------------------+-------+
* Control sets can be merged at opt_design using control_set_merge or merge_equivalent_drivers
** Run report_qor_suggestions for automated merging and remapping suggestions


2. Histogram
------------

+--------------------+-------+
|       Fanout       | Count |
+--------------------+-------+
| Total control sets |    25 |
| >= 0 to < 4        |     0 |
| >= 4 to < 6        |     4 |
| >= 6 to < 8        |     0 |
| >= 8 to < 10       |     2 |
| >= 10 to < 12      |     2 |
| >= 12 to < 14      |     1 |
| >= 14 to < 16      |     1 |
| >= 16              |    15 |
+--------------------+-------+
* Control sets can be remapped at either synth_design or opt_design


3. Flip-Flop Distribution
-------------------------

+--------------+-----------------------+------------------------+-----------------+--------------+
| Clock Enable | Synchronous Set/Reset | Asynchronous Set/Reset | Total Registers | Total Slices |
+--------------+-----------------------+------------------------+-----------------+--------------+
| No           | No                    | No                     |               0 |            0 |
| No           | No                    | Yes                    |               0 |            0 |
| No           | Yes                   | No                     |             769 |          279 |
| Yes          | No                    | No                     |             320 |           99 |
| Yes          | No                    | Yes                    |               0 |            0 |
| Yes          | Yes                   | No                     |             216 |           90 |
+--------------+-----------------------+------------------------+-----------------+--------------+


4. Detailed Control Set Information
-----------------------------------

+----------------+-----------------------------+------------------+------------------+----------------+--------------+
|  Clock Signal  |        Enable Signal        | Set/Reset Signal | Slice Load Count | Bel Load Count | Bels / Slice |
+----------------+-----------------------------+------------------+------------------+----------------+--------------+
|  clk_IBUF_BUFG | pred_reg[3]_i_1_n_0         | rst_IBUF         |                1 |              4 |         4.00 |
|  clk_IBUF_BUFG | state[3]_i_1_n_0            | rst_IBUF         |                3 |              4 |         1.33 |
|  clk_IBUF_BUFG | l1_pop_reg[4]_i_1_n_0       | rst_IBUF         |                3 |              5 |         1.67 |
|  clk_IBUF_BUFG | l2_pop_reg[4]_i_1_n_0       | rst_IBUF         |                2 |              5 |         2.50 |
|  clk_IBUF_BUFG | feat_idx[7]_i_1_n_0         | rst_IBUF         |                4 |              8 |         2.00 |
|  clk_IBUF_BUFG | l1_neuron_idx[8]_i_1_n_0    | rst_IBUF         |                4 |              9 |         2.25 |
|  clk_IBUF_BUFG | l2_neuron_idx[7]_i_1_n_0    | rst_IBUF         |                4 |             10 |         2.50 |
|  clk_IBUF_BUFG | pop_acc[10]_i_1_n_0         | rst_IBUF         |                2 |             11 |         5.50 |
|  clk_IBUF_BUFG | class_idx[3]_i_1_n_0        | rst_IBUF         |                5 |             12 |         2.40 |
|  clk_IBUF_BUFG | bit_idx[0]                  | rst_IBUF         |                5 |             15 |         3.00 |
|  clk_IBUF_BUFG | class_scores[9][31]_i_1_n_0 |                  |                6 |             32 |         5.33 |
|  clk_IBUF_BUFG | class_scores[6][31]_i_1_n_0 |                  |               10 |             32 |         3.20 |
|  clk_IBUF_BUFG | class_scores[5][31]_i_1_n_0 |                  |                7 |             32 |         4.57 |
|  clk_IBUF_BUFG | class_scores[7][31]_i_1_n_0 |                  |               13 |             32 |         2.46 |
|  clk_IBUF_BUFG | class_scores[8][31]_i_1_n_0 |                  |               12 |             32 |         2.67 |
|  clk_IBUF_BUFG | class_scores[2][31]_i_1_n_0 |                  |               11 |             32 |         2.91 |
|  clk_IBUF_BUFG | class_scores[3][31]_i_1_n_0 |                  |               12 |             32 |         2.67 |
|  clk_IBUF_BUFG | class_scores[0][31]_i_1_n_0 |                  |                8 |             32 |         4.00 |
|  clk_IBUF_BUFG | class_scores[4][31]_i_1_n_0 |                  |                9 |             32 |         3.56 |
|  clk_IBUF_BUFG | class_scores[1][31]_i_1_n_0 |                  |               11 |             32 |         2.91 |
|  clk_IBUF_BUFG | l1_last_chunk_reg           | rst_IBUF         |               21 |             32 |         1.52 |
|  clk_IBUF_BUFG | out_acc[31]_i_1_n_0         | rst_IBUF         |               10 |             32 |         3.20 |
|  clk_IBUF_BUFG | l2_last_chunk_reg           | rst_IBUF         |               15 |             33 |         2.20 |
|  clk_IBUF_BUFG | best_val[31]_i_1_n_0        | rst_IBUF         |               11 |             36 |         3.27 |
|  clk_IBUF_BUFG |                             | rst_IBUF         |              279 |            769 |         2.76 |
+----------------+-----------------------------+------------------+------------------+----------------+--------------+


