
*** Running vivado
    with args -log bnn_top.vds -m64 -product Vivado -mode batch -messageDb vivado.pb -notrace -source bnn_top.tcl



****** Vivado v2025.2 (64-bit)
  **** SW Build 6299465 on Fri Nov 14 19:35:11 GMT 2025
  **** IP Build 6300035 on Fri Nov 14 10:48:45 MST 2025
  **** SharedData Build 6298862 on Thu Nov 13 04:50:51 MST 2025
  **** Start of session at: Tue Apr 14 14:17:16 2026
    ** Copyright 1986-2022 Xilinx, Inc. All Rights Reserved.
    ** Copyright 2022-2025 Advanced Micro Devices, Inc. All Rights Reserved.

source bnn_top.tcl -notrace
create_project: Time (s): cpu = 00:00:10 ; elapsed = 00:00:08 . Memory (MB): peak = 541.750 ; gain = 218.477
Command: synth_design -top bnn_top -part xc7z020clg484-1
Starting synth_design
Attempting to get a license for feature 'Synthesis' and/or device 'xc7z020'
INFO: [Common 17-349] Got license for feature 'Synthesis' and/or device 'xc7z020'
INFO: [Synth 8-7079] Multithreading enabled for synth_design using a maximum of 2 processes.
INFO: [Synth 8-7078] Launching helper process for spawning children vivado processes
INFO: [Synth 8-7075] Helper process launched with PID 11436
---------------------------------------------------------------------------------
Starting Synthesize : Time (s): cpu = 00:00:06 ; elapsed = 00:00:09 . Memory (MB): peak = 1081.160 ; gain = 535.457
---------------------------------------------------------------------------------
INFO: [Synth 8-6157] synthesizing module 'bnn_top' [C:/Users/rahul/Desktop/Projects/MNIST_BNNv2/project_1/project_1.srcs/sources_1/new/bnn_top.sv:5]
INFO: [Synth 8-6157] synthesizing module 'bnn_layer1' [C:/Users/rahul/Desktop/Projects/MNIST_BNNv2/project_1/project_1.srcs/sources_1/new/bnn_layer1.sv:5]
INFO: [Synth 8-3876] $readmem data file 'C:/Users/rahul/Desktop/Projects/MNIST_BNNv2/project_1/mem_files/weights_l1.mem' is read successfully [C:/Users/rahul/Desktop/Projects/MNIST_BNNv2/project_1/project_1.srcs/sources_1/new/bnn_layer1.sv:15]
INFO: [Synth 8-3876] $readmem data file 'C:/Users/rahul/Desktop/Projects/MNIST_BNNv2/project_1/mem_files/thresh_l1.mem' is read successfully [C:/Users/rahul/Desktop/Projects/MNIST_BNNv2/project_1/project_1.srcs/sources_1/new/bnn_layer1.sv:16]
INFO: [Synth 8-3876] $readmem data file 'C:/Users/rahul/Desktop/Projects/MNIST_BNNv2/project_1/mem_files/invert_l1.mem' is read successfully [C:/Users/rahul/Desktop/Projects/MNIST_BNNv2/project_1/project_1.srcs/sources_1/new/bnn_layer1.sv:17]
INFO: [Synth 8-6155] done synthesizing module 'bnn_layer1' (0#1) [C:/Users/rahul/Desktop/Projects/MNIST_BNNv2/project_1/project_1.srcs/sources_1/new/bnn_layer1.sv:5]
INFO: [Synth 8-6157] synthesizing module 'bnn_layer2' [C:/Users/rahul/Desktop/Projects/MNIST_BNNv2/project_1/project_1.srcs/sources_1/new/bnn_layer2.sv:5]
INFO: [Synth 8-3876] $readmem data file 'C:/Users/rahul/Desktop/Projects/MNIST_BNNv2/project_1/mem_files/weights_l2.mem' is read successfully [C:/Users/rahul/Desktop/Projects/MNIST_BNNv2/project_1/project_1.srcs/sources_1/new/bnn_layer2.sv:15]
INFO: [Synth 8-3876] $readmem data file 'C:/Users/rahul/Desktop/Projects/MNIST_BNNv2/project_1/mem_files/thresh_l2.mem' is read successfully [C:/Users/rahul/Desktop/Projects/MNIST_BNNv2/project_1/project_1.srcs/sources_1/new/bnn_layer2.sv:16]
INFO: [Synth 8-3876] $readmem data file 'C:/Users/rahul/Desktop/Projects/MNIST_BNNv2/project_1/mem_files/invert_l2.mem' is read successfully [C:/Users/rahul/Desktop/Projects/MNIST_BNNv2/project_1/project_1.srcs/sources_1/new/bnn_layer2.sv:17]
INFO: [Synth 8-6155] done synthesizing module 'bnn_layer2' (0#1) [C:/Users/rahul/Desktop/Projects/MNIST_BNNv2/project_1/project_1.srcs/sources_1/new/bnn_layer2.sv:5]
INFO: [Synth 8-6157] synthesizing module 'bnn_output' [C:/Users/rahul/Desktop/Projects/MNIST_BNNv2/project_1/project_1.srcs/sources_1/new/bnn_output.sv:5]
INFO: [Synth 8-3876] $readmem data file 'C:/Users/rahul/Desktop/Projects/MNIST_BNNv2/project_1/mem_files/weights_out.mem' is read successfully [C:/Users/rahul/Desktop/Projects/MNIST_BNNv2/project_1/project_1.srcs/sources_1/new/bnn_output.sv:21]
INFO: [Synth 8-3876] $readmem data file 'C:/Users/rahul/Desktop/Projects/MNIST_BNNv2/project_1/mem_files/bias_out.mem' is read successfully [C:/Users/rahul/Desktop/Projects/MNIST_BNNv2/project_1/project_1.srcs/sources_1/new/bnn_output.sv:27]
INFO: [Synth 8-6155] done synthesizing module 'bnn_output' (0#1) [C:/Users/rahul/Desktop/Projects/MNIST_BNNv2/project_1/project_1.srcs/sources_1/new/bnn_output.sv:5]
INFO: [Synth 8-6155] done synthesizing module 'bnn_top' (0#1) [C:/Users/rahul/Desktop/Projects/MNIST_BNNv2/project_1/project_1.srcs/sources_1/new/bnn_top.sv:5]
