#-----------------------------------------------------------
# Vivado v2025.2 (64-bit)
# SW Build 6299465 on Fri Nov 14 19:35:11 GMT 2025
# IP Build 6300035 on Fri Nov 14 10:48:45 MST 2025
# SharedData Build 6298862 on Thu Nov 13 04:50:51 MST 2025
# Start of session at: Tue Apr 14 21:58:33 2026
# Process ID         : 12668
# Current directory  : C:/Users/rahul/Desktop/Projects/MNIST_BNNv2/project_1
# Command line       : vivado.exe -mode batch -source .\debug_full_build.tcl
# Log file           : C:/Users/rahul/Desktop/Projects/MNIST_BNNv2/project_1/vivado.log
# Journal file       : C:/Users/rahul/Desktop/Projects/MNIST_BNNv2/project_1\vivado.jou
# Running On         : system
# Platform           : Windows Server 2016 or Windows 10
# Operating System   : 26200
# Processor Detail   : AMD EPYC 7452 32-Core Processor                
# CPU Frequency      : 2346 MHz
# CPU Physical cores : 2
# CPU Logical cores  : 4
# Host memory        : 17121 MB
# Swap memory        : 3087 MB
# Total Virtual      : 20208 MB
# Available Virtual  : 6712 MB
#-----------------------------------------------------------
source {.\debug_full_build.tcl}
# open_project ./project_1.xpr
INFO: [filemgmt 56-3] Default IP Output Path : Could not find the directory 'C:/Users/rahul/Desktop/Projects/MNIST_BNNv2/project_1/project_1.gen/sources_1'.
Scanning sources...
Finished scanning sources
WARNING: [Board 49-26] cannot add Board Part xilinx.com:emb-plus-vpr-4616:part0:1.0 available at C:/AMDDesignTools/2025.2/data/xhub/boards\XilinxBoardStore\boards\Xilinx\emb-plus-vpr-4616\1.0\board.xml as part xcve2302-sfva784-2mp-e-s specified in board_part file is either invalid or not available
WARNING: [Board 49-26] cannot add Board Part xilinx.com:emb-plus-vpr-4616:part0:1.1 available at C:/AMDDesignTools/2025.2/data/xhub/boards\XilinxBoardStore\boards\Xilinx\emb-plus-vpr-4616\1.1\board.xml as part xcve2302-sfva784-2mp-e-s specified in board_part file is either invalid or not available
WARNING: [Board 49-26] cannot add Board Part xilinx.com:kc705:part0:1.6 available at C:/AMDDesignTools/2025.2/data/xhub/boards\XilinxBoardStore\boards\Xilinx\kc705\1.6\board.xml as part xc7k325tffg900-2 specified in board_part file is either invalid or not available
WARNING: [Board 49-26] cannot add Board Part xilinx.com:kc705:part0:1.7 available at C:/AMDDesignTools/2025.2/data/xhub/boards\XilinxBoardStore\boards\Xilinx\kc705\1.7\board.xml as part xc7k325tffg900-2 specified in board_part file is either invalid or not available
WARNING: [Board 49-26] cannot add Board Part xilinx.com:kcu105:part0:1.6 available at C:/AMDDesignTools/2025.2/data/xhub/boards\XilinxBoardStore\boards\Xilinx\kcu105\1.6\board.xml as part xcku040-ffva1156-2-e specified in board_part file is either invalid or not available
WARNING: [Board 49-26] cannot add Board Part xilinx.com:kcu105:part0:1.7 available at C:/AMDDesignTools/2025.2/data/xhub/boards\XilinxBoardStore\boards\Xilinx\kcu105\1.7\board.xml as part xcku040-ffva1156-2-e specified in board_part file is either invalid or not available
WARNING: [Board 49-26] cannot add Board Part xilinx.com:kcu116:part0:1.4 available at C:/AMDDesignTools/2025.2/data/xhub/boards\XilinxBoardStore\boards\Xilinx\kcu116\1.4\board.xml as part xcku5p-ffvb676-2-e specified in board_part file is either invalid or not available
WARNING: [Board 49-26] cannot add Board Part xilinx.com:kcu116:part0:1.5 available at C:/AMDDesignTools/2025.2/data/xhub/boards\XilinxBoardStore\boards\Xilinx\kcu116\1.5\board.xml as part xcku5p-ffvb676-2-e specified in board_part file is either invalid or not available
WARNING: [Board 49-26] cannot add Board Part xilinx.com:kcu1500:part0:1.2 available at C:/AMDDesignTools/2025.2/data/xhub/boards\XilinxBoardStore\boards\Xilinx\kcu1500\1.2\board.xml as part xcku115-flvb2104-2-e specified in board_part file is either invalid or not available
WARNING: [Board 49-26] cannot add Board Part xilinx.com:scu35:part0:1.0 available at C:/AMDDesignTools/2025.2/data/xhub/boards\XilinxBoardStore\boards\Xilinx\scu35\1.0\board.xml as part xcsu35p-sbvb625-2-e specified in board_part file is either invalid or not available
WARNING: [Board 49-26] cannot add Board Part xilinx.com:v80:part0:1.0 available at C:/AMDDesignTools/2025.2/data/xhub/boards\XilinxBoardStore\boards\Xilinx\v80\1.0\board.xml as part xcv80-lsva4737-2mhp-e-s specified in board_part file is either invalid or not available
WARNING: [Board 49-26] cannot add Board Part xilinx.com:vc707:part0:1.4 available at C:/AMDDesignTools/2025.2/data/xhub/boards\XilinxBoardStore\boards\Xilinx\vc707\1.4\board.xml as part xc7vx485tffg1761-2 specified in board_part file is either invalid or not available
WARNING: [Board 49-26] cannot add Board Part xilinx.com:vc707:part0:1.5 available at C:/AMDDesignTools/2025.2/data/xhub/boards\XilinxBoardStore\boards\Xilinx\vc707\1.5\board.xml as part xc7vx485tffg1761-2 specified in board_part file is either invalid or not available
WARNING: [Board 49-26] cannot add Board Part xilinx.com:vc709:part0:1.8 available at C:/AMDDesignTools/2025.2/data/xhub/boards\XilinxBoardStore\boards\Xilinx\vc709\1.8\board.xml as part xc7vx690tffg1761-2 specified in board_part file is either invalid or not available
WARNING: [Board 49-26] cannot add Board Part xilinx.com:vck190:part0:2.2 available at C:/AMDDesignTools/2025.2/data/xhub/boards\XilinxBoardStore\boards\Xilinx\vck190\production\2.2\board.xml as part xcvc1902-vsva2197-2mp-e-s specified in board_part file is either invalid or not available
WARNING: [Board 49-26] cannot add Board Part xilinx.com:vck190:part0:3.0 available at C:/AMDDesignTools/2025.2/data/xhub/boards\XilinxBoardStore\boards\Xilinx\vck190\production\3.0\board.xml as part xcvc1902-vsva2197-2mp-e-s specified in board_part file is either invalid or not available
WARNING: [Board 49-26] cannot add Board Part xilinx.com:vck190:part0:3.1 available at C:/AMDDesignTools/2025.2/data/xhub/boards\XilinxBoardStore\boards\Xilinx\vck190\production\3.1\board.xml as part xcvc1902-vsva2197-2mp-e-s specified in board_part file is either invalid or not available
WARNING: [Board 49-26] cannot add Board Part xilinx.com:vck190:part0:3.2 available at C:/AMDDesignTools/2025.2/data/xhub/boards\XilinxBoardStore\boards\Xilinx\vck190\production\3.2\board.xml as part xcvc1902-vsva2197-2mp-e-s specified in board_part file is either invalid or not available
WARNING: [Board 49-26] cannot add Board Part xilinx.com:vck190:part0:3.3 available at C:/AMDDesignTools/2025.2/data/xhub/boards\XilinxBoardStore\boards\Xilinx\vck190\production\3.3\board.xml as part xcvc1902-vsva2197-2mp-e-s specified in board_part file is either invalid or not available
WARNING: [Board 49-26] cannot add Board Part xilinx.com:vck190:part0:3.4 available at C:/AMDDesignTools/2025.2/data/xhub/boards\XilinxBoardStore\boards\Xilinx\vck190\production\3.4\board.xml as part xcvc1902-vsva2197-2mp-e-s specified in board_part file is either invalid or not available
WARNING: [Board 49-26] cannot add Board Part xilinx.com:vck190_newl:part0:1.0 available at C:/AMDDesignTools/2025.2/data/xhub/boards\XilinxBoardStore\boards\Xilinx\vck190_newl\production\1.0\board.xml as part xcvc1902-vsva2197-2mp-e-s specified in board_part file is either invalid or not available
WARNING: [Board 49-26] cannot add Board Part xilinx.com:vck190_newl:part0:1.1 available at C:/AMDDesignTools/2025.2/data/xhub/boards\XilinxBoardStore\boards\Xilinx\vck190_newl\production\1.1\board.xml as part xcvc1902-vsva2197-2mp-e-s specified in board_part file is either invalid or not available
WARNING: [Board 49-26] cannot add Board Part xilinx.com:vck190_newl:part0:1.2 available at C:/AMDDesignTools/2025.2/data/xhub/boards\XilinxBoardStore\boards\Xilinx\vck190_newl\production\1.2\board.xml as part xcvc1902-vsva2197-2mp-e-s specified in board_part file is either invalid or not available
WARNING: [Board 49-26] cannot add Board Part xilinx.com:vck190_newl:part0:1.3 available at C:/AMDDesignTools/2025.2/data/xhub/boards\XilinxBoardStore\boards\Xilinx\vck190_newl\production\1.3\board.xml as part xcvc1902-vsva2197-2mp-e-s specified in board_part file is either invalid or not available
WARNING: [Board 49-26] cannot add Board Part xilinx.com:vcu108:part0:1.6 available at C:/AMDDesignTools/2025.2/data/xhub/boards\XilinxBoardStore\boards\Xilinx\vcu108\1.6\board.xml as part xcvu095-ffva2104-2-e specified in board_part file is either invalid or not available
WARNING: [Board 49-26] cannot add Board Part xilinx.com:vcu108:part0:1.7 available at C:/AMDDesignTools/2025.2/data/xhub/boards\XilinxBoardStore\boards\Xilinx\vcu108\1.7\board.xml as part xcvu095-ffva2104-2-e specified in board_part file is either invalid or not available
WARNING: [Board 49-26] cannot add Board Part xilinx.com:vcu110:part0:1.4 available at C:/AMDDesignTools/2025.2/data/xhub/boards\XilinxBoardStore\boards\Xilinx\vcu110\1.4\board.xml as part xcvu190-flgc2104-2-e specified in board_part file is either invalid or not available
WARNING: [Board 49-26] cannot add Board Part xilinx.com:vcu118:part0:2.0 available at C:/AMDDesignTools/2025.2/data/xhub/boards\XilinxBoardStore\boards\Xilinx\vcu118\2.0\board.xml as part xcvu9p-flga2104-2l-e specified in board_part file is either invalid or not available
WARNING: [Board 49-26] cannot add Board Part xilinx.com:vcu118:part0:2.3 available at C:/AMDDesignTools/2025.2/data/xhub/boards\XilinxBoardStore\boards\Xilinx\vcu118\2.3\board.xml as part xcvu9p-flga2104-2l-e specified in board_part file is either invalid or not available
WARNING: [Board 49-26] cannot add Board Part xilinx.com:vcu118:part0:2.4 available at C:/AMDDesignTools/2025.2/data/xhub/boards\XilinxBoardStore\boards\Xilinx\vcu118\2.4\board.xml as part xcvu9p-flga2104-2l-e specified in board_part file is either invalid or not available
WARNING: [Board 49-26] cannot add Board Part xilinx.com:vcu128:part0:1.0 available at C:/AMDDesignTools/2025.2/data/xhub/boards\XilinxBoardStore\boards\Xilinx\vcu128\production\1.0\board.xml as part xcvu37p-fsvh2892-2l-e specified in board_part file is either invalid or not available
WARNING: [Board 49-26] cannot add Board Part xilinx.com:vcu129:part0:1.0 available at C:/AMDDesignTools/2025.2/data/xhub/boards\XilinxBoardStore\boards\Xilinx\vcu129\production\1.0\board.xml as part xcvu29p-fsga2577-2l-e specified in board_part file is either invalid or not available
WARNING: [Board 49-26] cannot add Board Part xilinx.com:vcu1525:part0:1.3 available at C:/AMDDesignTools/2025.2/data/xhub/boards\XilinxBoardStore\boards\Xilinx\vcu1525\1.3\board.xml as part xcvu9p-fsgd2104-2l-e specified in board_part file is either invalid or not available
WARNING: [Board 49-26] cannot add Board Part xilinx.com:vek280:part0:1.0 available at C:/AMDDesignTools/2025.2/data/xhub/boards\XilinxBoardStore\boards\Xilinx\vek280\production\1.0\board.xml as part xcve2802-vsvh1760-2mp-e-s specified in board_part file is either invalid or not available
WARNING: [Board 49-26] cannot add Board Part xilinx.com:vek280:part0:1.1 available at C:/AMDDesignTools/2025.2/data/xhub/boards\XilinxBoardStore\boards\Xilinx\vek280\production\1.1\board.xml as part xcve2802-vsvh1760-2mp-e-s specified in board_part file is either invalid or not available
WARNING: [Board 49-26] cannot add Board Part xilinx.com:vek280:part0:1.2 available at C:/AMDDesignTools/2025.2/data/xhub/boards\XilinxBoardStore\boards\Xilinx\vek280\production\1.2\board.xml as part xcve2802-vsvh1760-2mp-e-s specified in board_part file is either invalid or not available
WARNING: [Board 49-26] cannot add Board Part xilinx.com:vek385:part0:1.0 available at C:/AMDDesignTools/2025.2/data/xhub/boards\XilinxBoardStore\boards\Xilinx\vek385\1.0\board.xml as part xc2ve3858-ssva2112-2mp-e-s specified in board_part file is either invalid or not available
WARNING: [Board 49-26] cannot add Board Part xilinx.com:vek385:part0:1.1 available at C:/AMDDesignTools/2025.2/data/xhub/boards\XilinxBoardStore\boards\Xilinx\vek385\1.1\board.xml as part xc2ve3858-ssva2112-2mp-e-s specified in board_part file is either invalid or not available
WARNING: [Board 49-26] cannot add Board Part xilinx.com:vek385_1:part0:1.0 available at C:/AMDDesignTools/2025.2/data/xhub/boards\XilinxBoardStore\boards\Xilinx\vek385_2\1.0\board.xml as part xc2ve3858-ssva2112-2mp-e-s specified in board_part file is either invalid or not available
WARNING: [Board 49-26] cannot add Board Part xilinx.com:vermeo_t1_mpsoc:part0:1.0 available at C:/AMDDesignTools/2025.2/data/xhub/boards\XilinxBoardStore\boards\Xilinx\vermeo_t1_mpsoc\1.0\board.xml as part xczu19eg-ffvd1760-2l-e specified in board_part file is either invalid or not available
WARNING: [Board 49-26] cannot add Board Part xilinx.com:vermeo_t1_rfsoc:part0:1.0 available at C:/AMDDesignTools/2025.2/data/xhub/boards\XilinxBoardStore\boards\Xilinx\vermeo_t1_rfsoc\1.0\board.xml as part xczu21dr-ffvd1156-2l-e specified in board_part file is either invalid or not available
WARNING: [Board 49-26] cannot add Board Part xilinx.com:vhk158:part0:1.0 available at C:/AMDDesignTools/2025.2/data/xhub/boards\XilinxBoardStore\boards\Xilinx\vhk158\production\1.0\board.xml as part xcvh1582-vsva3697-2mp-e-s specified in board_part file is either invalid or not available
WARNING: [Board 49-26] cannot add Board Part xilinx.com:vhk158:part0:1.1 available at C:/AMDDesignTools/2025.2/data/xhub/boards\XilinxBoardStore\boards\Xilinx\vhk158\production\1.1\board.xml as part xcvh1582-vsva3697-2mp-e-s specified in board_part file is either invalid or not available
WARNING: [Board 49-26] cannot add Board Part xilinx.com:vhk158:part0:1.2 available at C:/AMDDesignTools/2025.2/data/xhub/boards\XilinxBoardStore\boards\Xilinx\vhk158\production\1.2\board.xml as part xcvh1582-vsva3697-2mp-e-s specified in board_part file is either invalid or not available
WARNING: [Board 49-26] cannot add Board Part xilinx.com:vmk180:part0:2.2 available at C:/AMDDesignTools/2025.2/data/xhub/boards\XilinxBoardStore\boards\Xilinx\vmk180\production\2.2\board.xml as part xcvm1802-vsva2197-2mp-e-s specified in board_part file is either invalid or not available
WARNING: [Board 49-26] cannot add Board Part xilinx.com:vmk180:part0:3.0 available at C:/AMDDesignTools/2025.2/data/xhub/boards\XilinxBoardStore\boards\Xilinx\vmk180\production\3.0\board.xml as part xcvm1802-vsva2197-2mp-e-s specified in board_part file is either invalid or not available
WARNING: [Board 49-26] cannot add Board Part xilinx.com:vmk180:part0:3.1 available at C:/AMDDesignTools/2025.2/data/xhub/boards\XilinxBoardStore\boards\Xilinx\vmk180\production\3.1\board.xml as part xcvm1802-vsva2197-2mp-e-s specified in board_part file is either invalid or not available
WARNING: [Board 49-26] cannot add Board Part xilinx.com:vmk180:part0:3.2 available at C:/AMDDesignTools/2025.2/data/xhub/boards\XilinxBoardStore\boards\Xilinx\vmk180\production\3.2\board.xml as part xcvm1802-vsva2197-2mp-e-s specified in board_part file is either invalid or not available
WARNING: [Board 49-26] cannot add Board Part xilinx.com:vmk180:part0:3.3 available at C:/AMDDesignTools/2025.2/data/xhub/boards\XilinxBoardStore\boards\Xilinx\vmk180\production\3.3\board.xml as part xcvm1802-vsva2197-2mp-e-s specified in board_part file is either invalid or not available
WARNING: [Board 49-26] cannot add Board Part xilinx.com:vmk180_newl:part0:1.0 available at C:/AMDDesignTools/2025.2/data/xhub/boards\XilinxBoardStore\boards\Xilinx\vmk180_newl\production\1.0\board.xml as part xcvm1802-vsva2197-2mp-e-s specified in board_part file is either invalid or not available
WARNING: [Board 49-26] cannot add Board Part xilinx.com:vmk180_newl:part0:1.1 available at C:/AMDDesignTools/2025.2/data/xhub/boards\XilinxBoardStore\boards\Xilinx\vmk180_newl\production\1.1\board.xml as part xcvm1802-vsva2197-2mp-e-s specified in board_part file is either invalid or not available
WARNING: [Board 49-26] cannot add Board Part xilinx.com:vpk120:part0:1.0 available at C:/AMDDesignTools/2025.2/data/xhub/boards\XilinxBoardStore\boards\Xilinx\vpk120\production\1.0\board.xml as part xcvp1202-vsva2785-2mp-e-s specified in board_part file is either invalid or not available
WARNING: [Board 49-26] cannot add Board Part xilinx.com:vpk120:part0:1.1 available at C:/AMDDesignTools/2025.2/data/xhub/boards\XilinxBoardStore\boards\Xilinx\vpk120\production\1.1\board.xml as part xcvp1202-vsva2785-2mp-e-s specified in board_part file is either invalid or not available
WARNING: [Board 49-26] cannot add Board Part xilinx.com:vpk120:part0:1.2 available at C:/AMDDesignTools/2025.2/data/xhub/boards\XilinxBoardStore\boards\Xilinx\vpk120\production\1.2\board.xml as part xcvp1202-vsva2785-2mp-e-s specified in board_part file is either invalid or not available
WARNING: [Board 49-26] cannot add Board Part xilinx.com:vpk180:part0:1.0 available at C:/AMDDesignTools/2025.2/data/xhub/boards\XilinxBoardStore\boards\Xilinx\vpk180\production\1.0\board.xml as part xcvp1802-lsvc4072-2mp-e-s specified in board_part file is either invalid or not available
WARNING: [Board 49-26] cannot add Board Part xilinx.com:vpk180:part0:1.1 available at C:/AMDDesignTools/2025.2/data/xhub/boards\XilinxBoardStore\boards\Xilinx\vpk180\production\1.1\board.xml as part xcvp1802-lsvc4072-2mp-e-s specified in board_part file is either invalid or not available
WARNING: [Board 49-26] cannot add Board Part xilinx.com:vpk180:part0:1.2 available at C:/AMDDesignTools/2025.2/data/xhub/boards\XilinxBoardStore\boards\Xilinx\vpk180\production\1.2\board.xml as part xcvp1802-lsvc4072-2mp-e-s specified in board_part file is either invalid or not available
WARNING: [Board 49-26] cannot add Board Part xilinx.com:vrk160:part0:1.0 available at C:/AMDDesignTools/2025.2/data/xhub/boards\XilinxBoardStore\boards\Xilinx\vrk160\1.0\board.xml as part xcvr1602-vsva2488-2mp-e-s-es1 specified in board_part file is either invalid or not available
WARNING: [Board 49-26] cannot add Board Part xilinx.com:vrk160:part0:1.1 available at C:/AMDDesignTools/2025.2/data/xhub/boards\XilinxBoardStore\boards\Xilinx\vrk160\1.1\board.xml as part xcvr1602-vsva2488-2mp-e-s-es1 specified in board_part file is either invalid or not available
WARNING: [Board 49-26] cannot add Board Part xilinx.com:zc706:part0:1.4 available at C:/AMDDesignTools/2025.2/data/xhub/boards\XilinxBoardStore\boards\Xilinx\zc706\1.4\board.xml as part xc7z045ffg900-2 specified in board_part file is either invalid or not available
WARNING: [Board 49-26] cannot add Board Part xilinx.com:zc706:part0:1.5 available at C:/AMDDesignTools/2025.2/data/xhub/boards\XilinxBoardStore\boards\Xilinx\zc706\1.5\board.xml as part xc7z045ffg900-2 specified in board_part file is either invalid or not available
WARNING: [Board 49-26] cannot add Board Part xilinx.com:zcu102:part0:3.3 available at C:/AMDDesignTools/2025.2/data/xhub/boards\XilinxBoardStore\boards\Xilinx\zcu102\3.3\board.xml as part xczu9eg-ffvb1156-2-e specified in board_part file is either invalid or not available
WARNING: [Board 49-26] cannot add Board Part xilinx.com:zcu102:part0:3.4 available at C:/AMDDesignTools/2025.2/data/xhub/boards\XilinxBoardStore\boards\Xilinx\zcu102\3.4\board.xml as part xczu9eg-ffvb1156-2-e specified in board_part file is either invalid or not available
WARNING: [Board 49-26] cannot add Board Part xilinx.com:zcu111:part0:1.2 available at C:/AMDDesignTools/2025.2/data/xhub/boards\XilinxBoardStore\boards\Xilinx\zcu111\1.2\board.xml as part xczu28dr-ffvg1517-2-e specified in board_part file is either invalid or not available
WARNING: [Board 49-26] cannot add Board Part xilinx.com:zcu111:part0:1.3 available at C:/AMDDesignTools/2025.2/data/xhub/boards\XilinxBoardStore\boards\Xilinx\zcu111\1.3\board.xml as part xczu28dr-ffvg1517-2-e specified in board_part file is either invalid or not available
WARNING: [Board 49-26] cannot add Board Part xilinx.com:zcu111:part0:1.4 available at C:/AMDDesignTools/2025.2/data/xhub/boards\XilinxBoardStore\boards\Xilinx\zcu111\1.4\board.xml as part xczu28dr-ffvg1517-2-e specified in board_part file is either invalid or not available
WARNING: [Board 49-26] cannot add Board Part xilinx.com:zcu1275:part0:1.0 available at C:/AMDDesignTools/2025.2/data/xhub/boards\XilinxBoardStore\boards\Xilinx\zcu1275\1.0\board.xml as part xczu29dr-ffvf1760-2-e specified in board_part file is either invalid or not available
WARNING: [Board 49-26] cannot add Board Part xilinx.com:zcu1285:part0:1.0 available at C:/AMDDesignTools/2025.2/data/xhub/boards\XilinxBoardStore\boards\Xilinx\zcu1285\1.0\board.xml as part xczu39dr-ffvf1760-2-i specified in board_part file is either invalid or not available
WARNING: [Board 49-26] cannot add Board Part xilinx.com:zcu208:part0:2.0 available at C:/AMDDesignTools/2025.2/data/xhub/boards\XilinxBoardStore\boards\Xilinx\zcu208\production\2.0\board.xml as part xczu48dr-fsvg1517-2-e specified in board_part file is either invalid or not available
WARNING: [Board 49-26] cannot add Board Part xilinx.com:zcu208ld:part0:2.0 available at C:/AMDDesignTools/2025.2/data/xhub/boards\XilinxBoardStore\boards\Xilinx\zcu208ld\production\2.0\board.xml as part xczu58dr-fsvg1517-2-i specified in board_part file is either invalid or not available
WARNING: [Board 49-26] cannot add Board Part xilinx.com:zcu216:part0:2.0 available at C:/AMDDesignTools/2025.2/data/xhub/boards\XilinxBoardStore\boards\Xilinx\zcu216\production\2.0\board.xml as part xczu49dr-ffvf1760-2-e specified in board_part file is either invalid or not available
WARNING: [Board 49-26] cannot add Board Part xilinx.com:zcu216ld:part0:2.0 available at C:/AMDDesignTools/2025.2/data/xhub/boards\XilinxBoardStore\boards\Xilinx\zcu216ld\production\2.0\board.xml as part xczu59dr-ffvf1760-2-i specified in board_part file is either invalid or not available
WARNING: [Board 49-26] cannot add Board Part xilinx.com:zcu670:part0:2.0 available at C:/AMDDesignTools/2025.2/data/xhub/boards\XilinxBoardStore\boards\Xilinx\zcu670\2.0\board.xml as part xczu67dr-fsve1156-2-i specified in board_part file is either invalid or not available
WARNING: [Board 49-26] cannot add Board Part xilinx.com:zcu670ld:part0:1.0 available at C:/AMDDesignTools/2025.2/data/xhub/boards\XilinxBoardStore\boards\Xilinx\zcu670ld\1.0\board.xml as part xczu57dr-fsve1156-2-i specified in board_part file is either invalid or not available
WARNING: [Project 1-5713] Board part '' set for the project  is not found. BoardPart property will be unset. Please select board from latest repo build 
open_project: Time (s): cpu = 00:00:14 ; elapsed = 00:00:09 . Memory (MB): peak = 543.410 ; gain = 219.539
# reset_run synth_1
INFO: [Project 1-1161] Replacing file C:/Users/rahul/Desktop/Projects/MNIST_BNNv2/project_1/project_1.srcs/utils_1/imports/synth_1/bnn_top.dcp with file C:/Users/rahul/Desktop/Projects/MNIST_BNNv2/project_1/project_1.runs/synth_1/bnn_top.dcp
WARNING: [Vivado 12-1017] Problems encountered:
1. Failed to delete one or more files in run directory C:/Users/rahul/Desktop/Projects/MNIST_BNNv2/project_1/project_1.runs/synth_1

# reset_run impl_1
# launch_runs synth_1 -jobs 2
[Tue Apr 14 21:58:48 2026] Launched synth_1...
Run output will be captured here: C:/Users/rahul/Desktop/Projects/MNIST_BNNv2/project_1/project_1.runs/synth_1/runme.log
# wait_on_run synth_1
[Tue Apr 14 21:58:48 2026] Waiting for synth_1 to finish...

*** Running vivado
    with args -log bnn_top.vds -m64 -product Vivado -mode batch -messageDb vivado.pb -notrace -source bnn_top.tcl



****** Vivado v2025.2 (64-bit)
  **** SW Build 6299465 on Fri Nov 14 19:35:11 GMT 2025
  **** IP Build 6300035 on Fri Nov 14 10:48:45 MST 2025
  **** SharedData Build 6298862 on Thu Nov 13 04:50:51 MST 2025
  **** Start of session at: Tue Apr 14 21:58:50 2026
    ** Copyright 1986-2022 Xilinx, Inc. All Rights Reserved.
    ** Copyright 2022-2025 Advanced Micro Devices, Inc. All Rights Reserved.

source bnn_top.tcl -notrace
create_project: Time (s): cpu = 00:00:14 ; elapsed = 00:00:09 . Memory (MB): peak = 543.660 ; gain = 220.281
Command: read_checkpoint -auto_incremental -incremental C:/Users/rahul/Desktop/Projects/MNIST_BNNv2/project_1/project_1.srcs/utils_1/imports/synth_1/bnn_top.dcp
INFO: [Vivado 12-5825] Read reference checkpoint from C:/Users/rahul/Desktop/Projects/MNIST_BNNv2/project_1/project_1.srcs/utils_1/imports/synth_1/bnn_top.dcp for incremental synthesis
INFO: [Vivado 12-7989] Please ensure there are no constraint changes
Command: synth_design -top bnn_top -part xc7z020clg484-1
Starting synth_design
Attempting to get a license for feature 'Synthesis' and/or device 'xc7z020'
INFO: [Common 17-349] Got license for feature 'Synthesis' and/or device 'xc7z020'
INFO: [Device 21-403] Loading part xc7z020clg484-1
INFO: [Designutils 20-5440] No compile time benefit to using incremental synthesis; A full resynthesis will be run
INFO: [Designutils 20-4379] Flow is switching to default flow due to incremental criteria not met. If you would like to alter this behaviour and have the flow terminate instead, please set the following parameter config_implementation {autoIncr.Synth.RejectBehavior Terminate}
INFO: [Synth 8-7079] Multithreading enabled for synth_design using a maximum of 2 processes.
INFO: [Synth 8-7078] Launching helper process for spawning children vivado processes
INFO: [Synth 8-7075] Helper process launched with PID 9284
---------------------------------------------------------------------------------
Starting RTL Elaboration : Time (s): cpu = 00:00:08 ; elapsed = 00:00:09 . Memory (MB): peak = 1320.160 ; gain = 541.977
---------------------------------------------------------------------------------
INFO: [Synth 8-6157] synthesizing module 'bnn_top' [C:/Users/rahul/Desktop/Projects/MNIST_BNNv2/project_1/project_1.srcs/sources_1/new/bnn_top.sv:5]
INFO: [Synth 8-3876] $readmem data file 'C:/Users/rahul/Desktop/Projects/MNIST_BNNv2/project_1/mem_files/input.mem' is read successfully [C:/Users/rahul/Desktop/Projects/MNIST_BNNv2/project_1/project_1.srcs/sources_1/new/bnn_top.sv:81]
INFO: [Synth 8-3876] $readmem data file 'C:/Users/rahul/Desktop/Projects/MNIST_BNNv2/project_1/mem_files/weights_l1.mem' is read successfully [C:/Users/rahul/Desktop/Projects/MNIST_BNNv2/project_1/project_1.srcs/sources_1/new/bnn_top.sv:83]
INFO: [Synth 8-3876] $readmem data file 'C:/Users/rahul/Desktop/Projects/MNIST_BNNv2/project_1/mem_files/thresh_l1.mem' is read successfully [C:/Users/rahul/Desktop/Projects/MNIST_BNNv2/project_1/project_1.srcs/sources_1/new/bnn_top.sv:84]
INFO: [Synth 8-3876] $readmem data file 'C:/Users/rahul/Desktop/Projects/MNIST_BNNv2/project_1/mem_files/invert_l1.mem' is read successfully [C:/Users/rahul/Desktop/Projects/MNIST_BNNv2/project_1/project_1.srcs/sources_1/new/bnn_top.sv:85]
INFO: [Synth 8-3876] $readmem data file 'C:/Users/rahul/Desktop/Projects/MNIST_BNNv2/project_1/mem_files/weights_l2.mem' is read successfully [C:/Users/rahul/Desktop/Projects/MNIST_BNNv2/project_1/project_1.srcs/sources_1/new/bnn_top.sv:87]
INFO: [Synth 8-3876] $readmem data file 'C:/Users/rahul/Desktop/Projects/MNIST_BNNv2/project_1/mem_files/thresh_l2.mem' is read successfully [C:/Users/rahul/Desktop/Projects/MNIST_BNNv2/project_1/project_1.srcs/sources_1/new/bnn_top.sv:88]
INFO: [Synth 8-3876] $readmem data file 'C:/Users/rahul/Desktop/Projects/MNIST_BNNv2/project_1/mem_files/invert_l2.mem' is read successfully [C:/Users/rahul/Desktop/Projects/MNIST_BNNv2/project_1/project_1.srcs/sources_1/new/bnn_top.sv:89]
INFO: [Synth 8-3876] $readmem data file 'C:/Users/rahul/Desktop/Projects/MNIST_BNNv2/project_1/mem_files/weights_out.mem' is read successfully [C:/Users/rahul/Desktop/Projects/MNIST_BNNv2/project_1/project_1.srcs/sources_1/new/bnn_top.sv:91]
INFO: [Synth 8-3876] $readmem data file 'C:/Users/rahul/Desktop/Projects/MNIST_BNNv2/project_1/mem_files/bias_out.mem' is read successfully [C:/Users/rahul/Desktop/Projects/MNIST_BNNv2/project_1/project_1.srcs/sources_1/new/bnn_top.sv:97]
INFO: [Synth 8-6155] done synthesizing module 'bnn_top' (0#1) [C:/Users/rahul/Desktop/Projects/MNIST_BNNv2/project_1/project_1.srcs/sources_1/new/bnn_top.sv:5]
---------------------------------------------------------------------------------
Finished RTL Elaboration : Time (s): cpu = 00:00:12 ; elapsed = 00:00:14 . Memory (MB): peak = 1499.613 ; gain = 721.430
---------------------------------------------------------------------------------
---------------------------------------------------------------------------------
Start Handling Custom Attributes
---------------------------------------------------------------------------------
---------------------------------------------------------------------------------
Finished Handling Custom Attributes : Time (s): cpu = 00:00:13 ; elapsed = 00:00:14 . Memory (MB): peak = 1499.613 ; gain = 721.430
---------------------------------------------------------------------------------
---------------------------------------------------------------------------------
Finished RTL Optimization Phase 1 : Time (s): cpu = 00:00:13 ; elapsed = 00:00:14 . Memory (MB): peak = 1499.613 ; gain = 721.430
---------------------------------------------------------------------------------
Netlist sorting complete. Time (s): cpu = 00:00:01 ; elapsed = 00:00:00.139 . Memory (MB): peak = 1499.613 ; gain = 0.000
INFO: [Project 1-570] Preparing netlist for logic optimization

Processing XDC Constraints
Initializing timing engine
Parsing XDC File [C:/Users/rahul/Desktop/Projects/MNIST_BNNv2/project_1/project_1.srcs/constrs_1/new/zedboard_minimal.xdc]
Finished Parsing XDC File [C:/Users/rahul/Desktop/Projects/MNIST_BNNv2/project_1/project_1.srcs/constrs_1/new/zedboard_minimal.xdc]
INFO: [Project 1-236] Implementation specific constraints were found while reading constraint file [C:/Users/rahul/Desktop/Projects/MNIST_BNNv2/project_1/project_1.srcs/constrs_1/new/zedboard_minimal.xdc]. These constraints will be ignored for synthesis but will be used in implementation. Impacted constraints are listed in the file [.Xil/bnn_top_propImpl.xdc].
Resolution: To avoid this warning, move constraints listed in [.Xil/bnn_top_propImpl.xdc] to another XDC file and exclude this new file from synthesis with the used_in_synthesis property (File Properties dialog in GUI) and re-run elaboration/synthesis.
Completed Processing XDC Constraints

Netlist sorting complete. Time (s): cpu = 00:00:00 ; elapsed = 00:00:00.003 . Memory (MB): peak = 1564.375 ; gain = 0.000
INFO: [Project 1-111] Unisim Transformation Summary:
No Unisim elements were transformed.

Constraint Validation Runtime : Time (s): cpu = 00:00:00 ; elapsed = 00:00:00.071 . Memory (MB): peak = 1564.375 ; gain = 0.000
INFO: [Designutils 20-5440] No compile time benefit to using incremental synthesis; A full resynthesis will be run
INFO: [Designutils 20-4379] Flow is switching to default flow due to incremental criteria not met. If you would like to alter this behaviour and have the flow terminate instead, please set the following parameter config_implementation {autoIncr.Synth.RejectBehavior Terminate}
---------------------------------------------------------------------------------
Finished Constraint Validation : Time (s): cpu = 00:00:27 ; elapsed = 00:00:29 . Memory (MB): peak = 1564.375 ; gain = 786.191
---------------------------------------------------------------------------------
---------------------------------------------------------------------------------
Start Loading Part and Timing Information
---------------------------------------------------------------------------------
Loading part: xc7z020clg484-1
---------------------------------------------------------------------------------
Finished Loading Part and Timing Information : Time (s): cpu = 00:00:27 ; elapsed = 00:00:29 . Memory (MB): peak = 1564.375 ; gain = 786.191
---------------------------------------------------------------------------------
---------------------------------------------------------------------------------
Start Applying 'set_property' XDC Constraints
---------------------------------------------------------------------------------
---------------------------------------------------------------------------------
Finished applying 'set_property' XDC Constraints : Time (s): cpu = 00:00:27 ; elapsed = 00:00:29 . Memory (MB): peak = 1564.375 ; gain = 786.191
---------------------------------------------------------------------------------
---------------------------------------------------------------------------------
Finished RTL Optimization Phase 2 : Time (s): cpu = 00:00:33 ; elapsed = 00:00:36 . Memory (MB): peak = 1564.375 ; gain = 786.191
---------------------------------------------------------------------------------
---------------------------------------------------------------------------------
Start RTL Component Statistics 
---------------------------------------------------------------------------------
Detailed RTL Component Info : 
+---Adders : 
	   3 Input   32 Bit       Adders := 1     
	   2 Input   11 Bit       Adders := 1     
	   2 Input   10 Bit       Adders := 1     
	   2 Input    9 Bit       Adders := 1     
	   2 Input    8 Bit       Adders := 2     
	  14 Input    5 Bit       Adders := 1     
	   2 Input    4 Bit       Adders := 1     
	   3 Input    2 Bit       Adders := 2     
+---XORs : 
	   2 Input     16 Bit         XORs := 2     
+---Registers : 
	              784 Bit    Registers := 1     
	              512 Bit    Registers := 1     
	              256 Bit    Registers := 1     
	               32 Bit    Registers := 12    
	               11 Bit    Registers := 1     
	               10 Bit    Registers := 1     
	                9 Bit    Registers := 2     
	                8 Bit    Registers := 3     
	                4 Bit    Registers := 3     
+---ROMs : 
	                    ROMs := 4     
+---Muxes : 
	  12 Input  512 Bit        Muxes := 2     
	  12 Input  256 Bit        Muxes := 2     
	   2 Input   32 Bit        Muxes := 1     
	  12 Input   32 Bit        Muxes := 2     
	  11 Input   16 Bit        Muxes := 1     
	   4 Input   16 Bit        Muxes := 4     
	  12 Input   11 Bit        Muxes := 1     
	  12 Input   10 Bit        Muxes := 1     
	  12 Input    9 Bit        Muxes := 1     
	  12 Input    8 Bit        Muxes := 2     
	  10 Input    8 Bit        Muxes := 2     
	  10 Input    7 Bit        Muxes := 3     
	  12 Input    5 Bit        Muxes := 1     
	   2 Input    4 Bit        Muxes := 2     
	  12 Input    4 Bit        Muxes := 3     
	  12 Input    1 Bit        Muxes := 33    
	   2 Input    1 Bit        Muxes := 12    
	 257 Input    1 Bit        Muxes := 1     
	 513 Input    1 Bit        Muxes := 1     
---------------------------------------------------------------------------------
Finished RTL Component Statistics 
---------------------------------------------------------------------------------
---------------------------------------------------------------------------------
Start Part Resource Summary
---------------------------------------------------------------------------------
Part Resources:
DSPs: 220 (col length:60)
BRAMs: 280 (col length: RAMB18 60 RAMB36 30)
---------------------------------------------------------------------------------
Finished Part Resource Summary
---------------------------------------------------------------------------------
---------------------------------------------------------------------------------
Start Cross Boundary and Area Optimization
---------------------------------------------------------------------------------
INFO: [Synth 8-3886] merging instance 'image_reg_reg[270]' (FDRE) to 'image_reg_reg[783]'
INFO: [Synth 8-3886] merging instance 'image_reg_reg[142]' (FDRE) to 'image_reg_reg[783]'
INFO: [Synth 8-3886] merging instance 'image_reg_reg[206]' (FDRE) to 'image_reg_reg[783]'
INFO: [Synth 8-3886] merging instance 'image_reg_reg[78]' (FDRE) to 'image_reg_reg[783]'
INFO: [Synth 8-3886] merging instance 'image_reg_reg[238]' (FDRE) to 'image_reg_reg[658]'
INFO: [Synth 8-3886] merging instance 'image_reg_reg[110]' (FDRE) to 'image_reg_reg[783]'
INFO: [Synth 8-3886] merging instance 'image_reg_reg[174]' (FDRE) to 'image_reg_reg[783]'
INFO: [Synth 8-3886] merging instance 'image_reg_reg[46]' (FDRE) to 'image_reg_reg[783]'
INFO: [Synth 8-3886] merging instance 'image_reg_reg[254]' (FDRE) to 'image_reg_reg[783]'
INFO: [Synth 8-3886] merging instance 'image_reg_reg[126]' (FDRE) to 'image_reg_reg[658]'
INFO: [Synth 8-3886] merging instance 'image_reg_reg[190]' (FDRE) to 'image_reg_reg[783]'
INFO: [Synth 8-3886] merging instance 'image_reg_reg[62]' (FDRE) to 'image_reg_reg[783]'
INFO: [Synth 8-3886] merging instance 'image_reg_reg[222]' (FDRE) to 'image_reg_reg[783]'
INFO: [Synth 8-3886] merging instance 'image_reg_reg[94]' (FDRE) to 'image_reg_reg[783]'
INFO: [Synth 8-3886] merging instance 'image_reg_reg[158]' (FDRE) to 'image_reg_reg[783]'
INFO: [Synth 8-3886] merging instance 'image_reg_reg[30]' (FDRE) to 'image_reg_reg[783]'
INFO: [Synth 8-3886] merging instance 'image_reg_reg[262]' (FDRE) to 'image_reg_reg[783]'
INFO: [Synth 8-3886] merging instance 'image_reg_reg[134]' (FDRE) to 'image_reg_reg[783]'
INFO: [Synth 8-3886] merging instance 'image_reg_reg[198]' (FDRE) to 'image_reg_reg[783]'
INFO: [Synth 8-3886] merging instance 'image_reg_reg[70]' (FDRE) to 'image_reg_reg[783]'
INFO: [Synth 8-3886] merging instance 'image_reg_reg[230]' (FDRE) to 'image_reg_reg[783]'
INFO: [Synth 8-3886] merging instance 'image_reg_reg[102]' (FDRE) to 'image_reg_reg[783]'
INFO: [Synth 8-3886] merging instance 'image_reg_reg[166]' (FDRE) to 'image_reg_reg[783]'
INFO: [Synth 8-3886] merging instance 'image_reg_reg[38]' (FDRE) to 'image_reg_reg[783]'
INFO: [Synth 8-3886] merging instance 'image_reg_reg[246]' (FDRE) to 'image_reg_reg[783]'
INFO: [Synth 8-3886] merging instance 'image_reg_reg[118]' (FDRE) to 'image_reg_reg[783]'
INFO: [Synth 8-3886] merging instance 'image_reg_reg[182]' (FDRE) to 'image_reg_reg[658]'
INFO: [Synth 8-3886] merging instance 'image_reg_reg[54]' (FDRE) to 'image_reg_reg[783]'
INFO: [Synth 8-3886] merging instance 'image_reg_reg[214]' (FDRE) to 'image_reg_reg[783]'
INFO: [Synth 8-3886] merging instance 'image_reg_reg[86]' (FDRE) to 'image_reg_reg[783]'
INFO: [Synth 8-3886] merging instance 'image_reg_reg[150]' (FDRE) to 'image_reg_reg[783]'
INFO: [Synth 8-3886] merging instance 'image_reg_reg[22]' (FDRE) to 'image_reg_reg[783]'
INFO: [Synth 8-3886] merging instance 'image_reg_reg[266]' (FDRE) to 'image_reg_reg[658]'
INFO: [Synth 8-3886] merging instance 'image_reg_reg[138]' (FDRE) to 'image_reg_reg[783]'
INFO: [Synth 8-3886] merging instance 'image_reg_reg[202]' (FDRE) to 'image_reg_reg[783]'
INFO: [Synth 8-3886] merging instance 'image_reg_reg[74]' (FDRE) to 'image_reg_reg[783]'
INFO: [Synth 8-3886] merging instance 'image_reg_reg[234]' (FDRE) to 'image_reg_reg[783]'
INFO: [Synth 8-3886] merging instance 'image_reg_reg[106]' (FDRE) to 'image_reg_reg[783]'
INFO: [Synth 8-3886] merging instance 'image_reg_reg[170]' (FDRE) to 'image_reg_reg[783]'
INFO: [Synth 8-3886] merging instance 'image_reg_reg[42]' (FDRE) to 'image_reg_reg[783]'
INFO: [Synth 8-3886] merging instance 'image_reg_reg[250]' (FDRE) to 'image_reg_reg[783]'
INFO: [Synth 8-3886] merging instance 'image_reg_reg[122]' (FDRE) to 'image_reg_reg[783]'
INFO: [Synth 8-3886] merging instance 'image_reg_reg[186]' (FDRE) to 'image_reg_reg[783]'
INFO: [Synth 8-3886] merging instance 'image_reg_reg[58]' (FDRE) to 'image_reg_reg[783]'
INFO: [Synth 8-3886] merging instance 'image_reg_reg[218]' (FDRE) to 'image_reg_reg[783]'
INFO: [Synth 8-3886] merging instance 'image_reg_reg[90]' (FDRE) to 'image_reg_reg[783]'
INFO: [Synth 8-3886] merging instance 'image_reg_reg[154]' (FDRE) to 'image_reg_reg[658]'
INFO: [Synth 8-3886] merging instance 'image_reg_reg[26]' (FDRE) to 'image_reg_reg[783]'
INFO: [Synth 8-3886] merging instance 'image_reg_reg[258]' (FDRE) to 'image_reg_reg[783]'
INFO: [Synth 8-3886] merging instance 'image_reg_reg[130]' (FDRE) to 'image_reg_reg[783]'
INFO: [Synth 8-3886] merging instance 'image_reg_reg[194]' (FDRE) to 'image_reg_reg[783]'
INFO: [Synth 8-3886] merging instance 'image_reg_reg[66]' (FDRE) to 'image_reg_reg[783]'
INFO: [Synth 8-3886] merging instance 'image_reg_reg[226]' (FDRE) to 'image_reg_reg[783]'
INFO: [Synth 8-3886] merging instance 'image_reg_reg[98]' (FDRE) to 'image_reg_reg[783]'
INFO: [Synth 8-3886] merging instance 'image_reg_reg[162]' (FDRE) to 'image_reg_reg[783]'
INFO: [Synth 8-3886] merging instance 'image_reg_reg[34]' (FDRE) to 'image_reg_reg[783]'
INFO: [Synth 8-3886] merging instance 'image_reg_reg[242]' (FDRE) to 'image_reg_reg[783]'
INFO: [Synth 8-3886] merging instance 'image_reg_reg[114]' (FDRE) to 'image_reg_reg[783]'
INFO: [Synth 8-3886] merging instance 'image_reg_reg[178]' (FDRE) to 'image_reg_reg[783]'
INFO: [Synth 8-3886] merging instance 'image_reg_reg[50]' (FDRE) to 'image_reg_reg[783]'
INFO: [Synth 8-3886] merging instance 'image_reg_reg[210]' (FDRE) to 'image_reg_reg[658]'
INFO: [Synth 8-3886] merging instance 'image_reg_reg[82]' (FDRE) to 'image_reg_reg[783]'
INFO: [Synth 8-3886] merging instance 'image_reg_reg[146]' (FDRE) to 'image_reg_reg[783]'
INFO: [Synth 8-3886] merging instance 'image_reg_reg[18]' (FDRE) to 'image_reg_reg[783]'
INFO: [Synth 8-3886] merging instance 'image_reg_reg[268]' (FDRE) to 'image_reg_reg[783]'
INFO: [Synth 8-3886] merging instance 'image_reg_reg[140]' (FDRE) to 'image_reg_reg[783]'
INFO: [Synth 8-3886] merging instance 'image_reg_reg[204]' (FDRE) to 'image_reg_reg[783]'
INFO: [Synth 8-3886] merging instance 'image_reg_reg[76]' (FDRE) to 'image_reg_reg[783]'
INFO: [Synth 8-3886] merging instance 'image_reg_reg[236]' (FDRE) to 'image_reg_reg[658]'
INFO: [Synth 8-3886] merging instance 'image_reg_reg[108]' (FDRE) to 'image_reg_reg[783]'
INFO: [Synth 8-3886] merging instance 'image_reg_reg[172]' (FDRE) to 'image_reg_reg[783]'
INFO: [Synth 8-3886] merging instance 'image_reg_reg[44]' (FDRE) to 'image_reg_reg[783]'
INFO: [Synth 8-3886] merging instance 'image_reg_reg[252]' (FDRE) to 'image_reg_reg[783]'
INFO: [Synth 8-3886] merging instance 'image_reg_reg[124]' (FDRE) to 'image_reg_reg[658]'
INFO: [Synth 8-3886] merging instance 'image_reg_reg[188]' (FDRE) to 'image_reg_reg[783]'
INFO: [Synth 8-3886] merging instance 'image_reg_reg[60]' (FDRE) to 'image_reg_reg[783]'
INFO: [Synth 8-3886] merging instance 'image_reg_reg[220]' (FDRE) to 'image_reg_reg[783]'
INFO: [Synth 8-3886] merging instance 'image_reg_reg[92]' (FDRE) to 'image_reg_reg[783]'
INFO: [Synth 8-3886] merging instance 'image_reg_reg[156]' (FDRE) to 'image_reg_reg[783]'
INFO: [Synth 8-3886] merging instance 'image_reg_reg[28]' (FDRE) to 'image_reg_reg[783]'
INFO: [Synth 8-3886] merging instance 'image_reg_reg[260]' (FDRE) to 'image_reg_reg[783]'
INFO: [Synth 8-3886] merging instance 'image_reg_reg[132]' (FDRE) to 'image_reg_reg[783]'
INFO: [Synth 8-3886] merging instance 'image_reg_reg[196]' (FDRE) to 'image_reg_reg[783]'
INFO: [Synth 8-3886] merging instance 'image_reg_reg[68]' (FDRE) to 'image_reg_reg[783]'
INFO: [Synth 8-3886] merging instance 'image_reg_reg[228]' (FDRE) to 'image_reg_reg[783]'
INFO: [Synth 8-3886] merging instance 'image_reg_reg[100]' (FDRE) to 'image_reg_reg[783]'
INFO: [Synth 8-3886] merging instance 'image_reg_reg[164]' (FDRE) to 'image_reg_reg[783]'
INFO: [Synth 8-3886] merging instance 'image_reg_reg[36]' (FDRE) to 'image_reg_reg[783]'
INFO: [Synth 8-3886] merging instance 'image_reg_reg[244]' (FDRE) to 'image_reg_reg[783]'
INFO: [Synth 8-3886] merging instance 'image_reg_reg[116]' (FDRE) to 'image_reg_reg[783]'
INFO: [Synth 8-3886] merging instance 'image_reg_reg[180]' (FDRE) to 'image_reg_reg[658]'
INFO: [Synth 8-3886] merging instance 'image_reg_reg[52]' (FDRE) to 'image_reg_reg[783]'
INFO: [Synth 8-3886] merging instance 'image_reg_reg[212]' (FDRE) to 'image_reg_reg[783]'
INFO: [Synth 8-3886] merging instance 'image_reg_reg[84]' (FDRE) to 'image_reg_reg[783]'
INFO: [Synth 8-3886] merging instance 'image_reg_reg[148]' (FDRE) to 'image_reg_reg[783]'
INFO: [Synth 8-3886] merging instance 'image_reg_reg[20]' (FDRE) to 'image_reg_reg[783]'
INFO: [Synth 8-3886] merging instance 'image_reg_reg[264]' (FDRE) to 'image_reg_reg[658]'
INFO: [Synth 8-3886] merging instance 'image_reg_reg[136]' (FDRE) to 'image_reg_reg[783]'
INFO: [Synth 8-3886] merging instance 'image_reg_reg[200]' (FDRE) to 'image_reg_reg[783]'
INFO: [Synth 8-3886] merging instance 'image_reg_reg[72]' (FDRE) to 'image_reg_reg[783]'
INFO: [Common 17-14] Message 'Synth 8-3886' appears 100 times and further instances of the messages will be disabled. Use the Tcl command set_msg_config to change the current settings.
INFO: [Common 17-14] Message 'Synth 8-3886' appears 100 times and further instances of the messages will be disabled. Use the Tcl command set_msg_config to change the current settings.
INFO: [Synth 8-3333] propagating constant 0 across sequential element (\image_reg_reg[783] )
INFO: [Synth 8-5544] ROM "weights_out" won't be mapped to Block RAM because address size (4) smaller than threshold (5)
INFO: [Synth 8-5544] ROM "weights_out" won't be mapped to Block RAM because address size (4) smaller than threshold (5)
INFO: [Synth 8-5544] ROM "weights_out" won't be mapped to Block RAM because address size (4) smaller than threshold (5)
INFO: [Synth 8-5544] ROM "weights_out" won't be mapped to Block RAM because address size (4) smaller than threshold (5)
INFO: [Synth 8-5544] ROM "weights_out" won't be mapped to Block RAM because address size (4) smaller than threshold (5)
INFO: [Synth 8-5544] ROM "weights_out" won't be mapped to Block RAM because address size (4) smaller than threshold (5)
INFO: [Synth 8-5544] ROM "weights_out" won't be mapped to Block RAM because address size (4) smaller than threshold (5)
INFO: [Synth 8-5544] ROM "weights_out" won't be mapped to Block RAM because address size (4) smaller than threshold (5)
INFO: [Synth 8-5544] ROM "weights_out" won't be mapped to Block RAM because address size (4) smaller than threshold (5)
INFO: [Synth 8-5544] ROM "weights_out" won't be mapped to Block RAM because address size (4) smaller than threshold (5)
INFO: [Synth 8-5544] ROM "weights_out" won't be mapped to Block RAM because address size (4) smaller than threshold (5)
INFO: [Synth 8-5544] ROM "weights_out" won't be mapped to Block RAM because address size (4) smaller than threshold (5)
INFO: [Synth 8-5544] ROM "weights_out" won't be mapped to Block RAM because address size (4) smaller than threshold (5)
INFO: [Synth 8-5544] ROM "weights_out" won't be mapped to Block RAM because address size (4) smaller than threshold (5)
INFO: [Synth 8-5544] ROM "weights_out" won't be mapped to Block RAM because address size (4) smaller than threshold (5)
INFO: [Synth 8-5544] ROM "weights_out" won't be mapped to Block RAM because address size (4) smaller than threshold (5)
INFO: [Synth 8-5544] ROM "weights_out" won't be mapped to Block RAM because address size (4) smaller than threshold (5)
INFO: [Synth 8-5544] ROM "weights_out" won't be mapped to Block RAM because address size (4) smaller than threshold (5)
INFO: [Synth 8-5544] ROM "weights_out" won't be mapped to Block RAM because address size (4) smaller than threshold (5)
INFO: [Synth 8-5544] ROM "weights_out" won't be mapped to Block RAM because address size (4) smaller than threshold (5)
INFO: [Synth 8-5544] ROM "weights_out" won't be mapped to Block RAM because address size (4) smaller than threshold (5)
INFO: [Synth 8-5544] ROM "weights_out" won't be mapped to Block RAM because address size (4) smaller than threshold (5)
INFO: [Synth 8-5544] ROM "weights_out" won't be mapped to Block RAM because address size (4) smaller than threshold (5)
INFO: [Synth 8-5544] ROM "weights_out" won't be mapped to Block RAM because address size (4) smaller than threshold (5)
INFO: [Synth 8-5544] ROM "weights_out" won't be mapped to Block RAM because address size (4) smaller than threshold (5)
INFO: [Synth 8-5544] ROM "weights_out" won't be mapped to Block RAM because address size (4) smaller than threshold (5)
INFO: [Synth 8-5544] ROM "weights_out" won't be mapped to Block RAM because address size (4) smaller than threshold (5)
INFO: [Synth 8-5544] ROM "weights_out" won't be mapped to Block RAM because address size (4) smaller than threshold (5)
INFO: [Synth 8-5544] ROM "weights_out" won't be mapped to Block RAM because address size (4) smaller than threshold (5)
INFO: [Synth 8-5544] ROM "weights_out" won't be mapped to Block RAM because address size (4) smaller than threshold (5)
INFO: [Synth 8-5544] ROM "weights_out" won't be mapped to Block RAM because address size (4) smaller than threshold (5)
INFO: [Synth 8-5544] ROM "weights_out" won't be mapped to Block RAM because address size (4) smaller than threshold (5)
INFO: [Synth 8-5544] ROM "weights_out" won't be mapped to Block RAM because address size (4) smaller than threshold (5)
INFO: [Synth 8-5544] ROM "weights_out" won't be mapped to Block RAM because address size (4) smaller than threshold (5)
INFO: [Synth 8-5544] ROM "weights_out" won't be mapped to Block RAM because address size (4) smaller than threshold (5)
INFO: [Synth 8-5544] ROM "weights_out" won't be mapped to Block RAM because address size (4) smaller than threshold (5)
INFO: [Synth 8-5544] ROM "weights_out" won't be mapped to Block RAM because address size (4) smaller than threshold (5)
INFO: [Synth 8-5544] ROM "weights_out" won't be mapped to Block RAM because address size (4) smaller than threshold (5)
INFO: [Synth 8-5544] ROM "weights_out" won't be mapped to Block RAM because address size (4) smaller than threshold (5)
INFO: [Synth 8-5544] ROM "weights_out" won't be mapped to Block RAM because address size (4) smaller than threshold (5)
INFO: [Synth 8-5544] ROM "weights_out" won't be mapped to Block RAM because address size (4) smaller than threshold (5)
INFO: [Synth 8-5544] ROM "weights_out" won't be mapped to Block RAM because address size (4) smaller than threshold (5)
INFO: [Synth 8-5544] ROM "weights_out" won't be mapped to Block RAM because address size (4) smaller than threshold (5)
INFO: [Synth 8-5544] ROM "weights_out" won't be mapped to Block RAM because address size (4) smaller than threshold (5)
INFO: [Synth 8-5544] ROM "weights_out" won't be mapped to Block RAM because address size (4) smaller than threshold (5)
INFO: [Synth 8-5544] ROM "weights_out" won't be mapped to Block RAM because address size (4) smaller than threshold (5)
INFO: [Synth 8-5544] ROM "weights_out" won't be mapped to Block RAM because address size (4) smaller than threshold (5)
INFO: [Synth 8-5544] ROM "weights_out" won't be mapped to Block RAM because address size (4) smaller than threshold (5)
INFO: [Synth 8-5544] ROM "weights_out" won't be mapped to Block RAM because address size (4) smaller than threshold (5)
INFO: [Synth 8-5544] ROM "weights_out" won't be mapped to Block RAM because address size (4) smaller than threshold (5)
INFO: [Synth 8-5544] ROM "weights_out" won't be mapped to Block RAM because address size (4) smaller than threshold (5)
INFO: [Synth 8-5544] ROM "weights_out" won't be mapped to Block RAM because address size (4) smaller than threshold (5)
INFO: [Synth 8-5544] ROM "weights_out" won't be mapped to Block RAM because address size (4) smaller than threshold (5)
INFO: [Synth 8-5544] ROM "weights_out" won't be mapped to Block RAM because address size (4) smaller than threshold (5)
INFO: [Synth 8-5544] ROM "weights_out" won't be mapped to Block RAM because address size (4) smaller than threshold (5)
INFO: [Synth 8-5544] ROM "weights_out" won't be mapped to Block RAM because address size (4) smaller than threshold (5)
INFO: [Synth 8-5544] ROM "weights_out" won't be mapped to Block RAM because address size (4) smaller than threshold (5)
INFO: [Synth 8-5544] ROM "weights_out" won't be mapped to Block RAM because address size (4) smaller than threshold (5)
INFO: [Synth 8-5544] ROM "weights_out" won't be mapped to Block RAM because address size (4) smaller than threshold (5)
INFO: [Synth 8-5544] ROM "weights_out" won't be mapped to Block RAM because address size (4) smaller than threshold (5)
INFO: [Synth 8-5544] ROM "weights_out" won't be mapped to Block RAM because address size (4) smaller than threshold (5)
INFO: [Synth 8-5544] ROM "weights_out" won't be mapped to Block RAM because address size (4) smaller than threshold (5)
INFO: [Synth 8-5544] ROM "weights_out" won't be mapped to Block RAM because address size (4) smaller than threshold (5)
INFO: [Synth 8-5544] ROM "weights_out" won't be mapped to Block RAM because address size (4) smaller than threshold (5)
INFO: [Synth 8-5544] ROM "weights_out" won't be mapped to Block RAM because address size (4) smaller than threshold (5)
INFO: [Synth 8-5544] ROM "weights_out" won't be mapped to Block RAM because address size (4) smaller than threshold (5)
INFO: [Synth 8-5544] ROM "weights_out" won't be mapped to Block RAM because address size (4) smaller than threshold (5)
INFO: [Synth 8-5544] ROM "weights_out" won't be mapped to Block RAM because address size (4) smaller than threshold (5)
INFO: [Synth 8-5544] ROM "weights_out" won't be mapped to Block RAM because address size (4) smaller than threshold (5)
INFO: [Synth 8-5544] ROM "weights_out" won't be mapped to Block RAM because address size (4) smaller than threshold (5)
INFO: [Synth 8-5544] ROM "weights_out" won't be mapped to Block RAM because address size (4) smaller than threshold (5)
INFO: [Synth 8-5544] ROM "weights_out" won't be mapped to Block RAM because address size (4) smaller than threshold (5)
INFO: [Synth 8-5544] ROM "weights_out" won't be mapped to Block RAM because address size (4) smaller than threshold (5)
INFO: [Synth 8-5544] ROM "weights_out" won't be mapped to Block RAM because address size (4) smaller than threshold (5)
INFO: [Synth 8-5544] ROM "weights_out" won't be mapped to Block RAM because address size (4) smaller than threshold (5)
INFO: [Synth 8-5544] ROM "weights_out" won't be mapped to Block RAM because address size (4) smaller than threshold (5)
INFO: [Synth 8-5544] ROM "weights_out" won't be mapped to Block RAM because address size (4) smaller than threshold (5)
INFO: [Synth 8-5544] ROM "weights_out" won't be mapped to Block RAM because address size (4) smaller than threshold (5)
INFO: [Synth 8-5544] ROM "weights_out" won't be mapped to Block RAM because address size (4) smaller than threshold (5)
INFO: [Synth 8-5544] ROM "weights_out" won't be mapped to Block RAM because address size (4) smaller than threshold (5)
INFO: [Synth 8-5544] ROM "weights_out" won't be mapped to Block RAM because address size (4) smaller than threshold (5)
INFO: [Synth 8-5544] ROM "weights_out" won't be mapped to Block RAM because address size (4) smaller than threshold (5)
INFO: [Synth 8-5544] ROM "weights_out" won't be mapped to Block RAM because address size (4) smaller than threshold (5)
INFO: [Synth 8-5544] ROM "weights_out" won't be mapped to Block RAM because address size (4) smaller than threshold (5)
INFO: [Synth 8-5544] ROM "weights_out" won't be mapped to Block RAM because address size (4) smaller than threshold (5)
INFO: [Synth 8-5544] ROM "weights_out" won't be mapped to Block RAM because address size (4) smaller than threshold (5)
INFO: [Synth 8-5544] ROM "weights_out" won't be mapped to Block RAM because address size (4) smaller than threshold (5)
INFO: [Synth 8-5544] ROM "weights_out" won't be mapped to Block RAM because address size (4) smaller than threshold (5)
INFO: [Synth 8-5544] ROM "weights_out" won't be mapped to Block RAM because address size (4) smaller than threshold (5)
INFO: [Synth 8-5544] ROM "weights_out" won't be mapped to Block RAM because address size (4) smaller than threshold (5)
INFO: [Synth 8-5544] ROM "weights_out" won't be mapped to Block RAM because address size (4) smaller than threshold (5)
INFO: [Synth 8-5544] ROM "weights_out" won't be mapped to Block RAM because address size (4) smaller than threshold (5)
INFO: [Synth 8-5544] ROM "weights_out" won't be mapped to Block RAM because address size (4) smaller than threshold (5)
INFO: [Synth 8-5544] ROM "weights_out" won't be mapped to Block RAM because address size (4) smaller than threshold (5)
INFO: [Synth 8-5544] ROM "weights_out" won't be mapped to Block RAM because address size (4) smaller than threshold (5)
INFO: [Synth 8-5544] ROM "weights_out" won't be mapped to Block RAM because address size (4) smaller than threshold (5)
INFO: [Synth 8-5544] ROM "weights_out" won't be mapped to Block RAM because address size (4) smaller than threshold (5)
INFO: [Synth 8-5544] ROM "weights_out" won't be mapped to Block RAM because address size (4) smaller than threshold (5)
INFO: [Synth 8-5544] ROM "weights_out" won't be mapped to Block RAM because address size (4) smaller than threshold (5)
INFO: [Synth 8-5544] ROM "weights_out" won't be mapped to Block RAM because address size (4) smaller than threshold (5)
INFO: [Common 17-14] Message 'Synth 8-5544' appears 100 times and further instances of the messages will be disabled. Use the Tcl command set_msg_config to change the current settings.
INFO: [Common 17-14] Message 'Synth 8-5544' appears 100 times and further instances of the messages will be disabled. Use the Tcl command set_msg_config to change the current settings.
---------------------------------------------------------------------------------
Finished Cross Boundary and Area Optimization : Time (s): cpu = 00:01:13 ; elapsed = 00:01:59 . Memory (MB): peak = 1564.375 ; gain = 786.191
---------------------------------------------------------------------------------
---------------------------------------------------------------------------------
Start Applying XDC Timing Constraints
---------------------------------------------------------------------------------
---------------------------------------------------------------------------------
Finished Applying XDC Timing Constraints : Time (s): cpu = 00:01:26 ; elapsed = 00:02:17 . Memory (MB): peak = 1703.789 ; gain = 925.605
---------------------------------------------------------------------------------
---------------------------------------------------------------------------------
Start Timing Optimization
---------------------------------------------------------------------------------
info: optimization accepted worst group hill climbing move (1171.0/oG.CP 346.0ps)
info: optimization accepted worst group hill climbing move (1675.0/oG. 145.0ps)
Abnormal program termination (EXCEPTION_ACCESS_VIOLATION)
Please check 'C:/Users/rahul/Desktop/Projects/MNIST_BNNv2/project_1/project_1.runs/synth_1/hs_err_pid12968.log' for details
